<dependency>
    <groupId>com.twosigma.webtau</groupId>
    <artifactId>webtau-junit4</artifactId>
    <version>1.15</version>
</dependency>