<dependency>
    <groupId>com.twosigma.webtau</groupId>
    <artifactId>webtau-junit4</artifactId>
    <version>1.16-SNAPSHOT</version>
</dependency>